<?xml version="1.0" encoding="UTF-8"?>
<!-- Generated by org.testng.reporters.JUnitXMLReporter -->
<testsuite hostname="DESKTOP-LH273OQ" ignored="3" name="Test" tests="7" failures="1" timestamp="08 十二月 2020 12:35:39 GMT" time="2.097" errors="0">
  <testcase name="test01_login" time="1.063" classname="com.mtx.shop1118.MtxShopOrderTest1123_3"/>
  <testcase name="test02_addOrder" time="0.263" classname="com.mtx.shop1118.MtxShopOrderTest1123_3">
    <failure type="java.lang.AssertionError" message="expected [28] but found [28]">
      <![CDATA[java.lang.AssertionError: expected [28] but found [28]
at com.mtx.shop1118.MtxShopOrderTest1123_3.test02_addOrder(MtxShopOrderTest1123_3.java:70)
... Removed 30 stack frames]]>
    </failure>
  </testcase> <!-- test02_addOrder -->
  <testcase name="test04_login" time="0.089" classname="com.mtx.shop1118.MtxShopLoginTest"/>
  <testcase name="test04_login" time="0.09" classname="com.mtx.shop1118.MtxShopLoginTest"/>
  <testcase name="test04_login" time="0.09" classname="com.mtx.shop1118.MtxShopLoginTest"/>
  <testcase name="test04_login" time="0.077" classname="com.mtx.shop1118.MtxShopLoginTest"/>
  <testcase name="test04_login" time="0.083" classname="com.mtx.shop1118.MtxShopLoginTest"/>
  <testcase name="test03_login" time="0.0" classname="com.mtx.shop1118.MtxShopLoginTest">
    <ignored/>
  </testcase> <!-- test03_login -->
  <testcase name="test01_login" time="0.0" classname="com.mtx.shop1118.MtxShopLoginTest">
    <ignored/>
  </testcase> <!-- test01_login -->
  <testcase name="test02_login" time="0.0" classname="com.mtx.shop1118.MtxShopLoginTest">
    <ignored/>
  </testcase> <!-- test02_login -->
</testsuite> <!-- Test -->
